[debug] [2024-04-22T02:23:34.603Z] ----------------------------------------------------------------------
[debug] [2024-04-22T02:23:34.604Z] Command:       /usr/local/bin/node /usr/local/bin/firebase init
[debug] [2024-04-22T02:23:34.604Z] CLI Version:   13.7.3
[debug] [2024-04-22T02:23:34.604Z] Platform:      darwin
[debug] [2024-04-22T02:23:34.605Z] Node Version:  v20.11.0
[debug] [2024-04-22T02:23:34.605Z] Time:          Sun Apr 21 2024 22:23:34 GMT-0400 (Eastern Daylight Time)
[debug] [2024-04-22T02:23:34.605Z] ----------------------------------------------------------------------
[debug] 
[debug] [2024-04-22T02:23:34.606Z] > command requires scopes: ["email","openid","https://www.googleapis.com/auth/cloudplatformprojects.readonly","https://www.googleapis.com/auth/firebase","https://www.googleapis.com/auth/cloud-platform"]
[debug] [2024-04-22T02:23:34.606Z] > authorizing via signed-in user (kaysarulanas2@gmail.com)
[info] 
     ######## #### ########  ######## ########     ###     ######  ########
     ##        ##  ##     ## ##       ##     ##  ##   ##  ##       ##
     ######    ##  ########  ######   ########  #########  ######  ######
     ##        ##  ##    ##  ##       ##     ## ##     ##       ## ##
     ##       #### ##     ## ######## ########  ##     ##  ######  ########

You're about to initialize a Firebase project in this directory:

  /Users/kaysarulanasapurba/Desktop/Cloudproject/WeatherApp

[info] 
=== Project Setup
[info] 
[info] First, let's associate this project directory with a Firebase project.
[info] You can create multiple project aliases by running firebase use --add, 
[info] but for now we'll just set up a default project.
[info] 
[debug] [2024-04-22T02:23:44.034Z] > refreshing access token with scopes: []
[debug] [2024-04-22T02:23:44.037Z] >>> [apiv2][query] POST https://www.googleapis.com/oauth2/v3/token [none]
[debug] [2024-04-22T02:23:44.037Z] >>> [apiv2][body] POST https://www.googleapis.com/oauth2/v3/token [omitted]
[debug] [2024-04-22T02:23:44.269Z] <<< [apiv2][status] POST https://www.googleapis.com/oauth2/v3/token 400
[debug] [2024-04-22T02:23:44.269Z] <<< [apiv2][body] POST https://www.googleapis.com/oauth2/v3/token [omitted]
[debug] [2024-04-22T02:23:44.270Z] >>> [apiv2][query] GET https://firebase.googleapis.com/v1beta1/projects pageSize=100
[debug] [2024-04-22T02:23:44.629Z] <<< [apiv2][status] GET https://firebase.googleapis.com/v1beta1/projects 401
[debug] [2024-04-22T02:23:44.629Z] <<< [apiv2][body] GET https://firebase.googleapis.com/v1beta1/projects [omitted]
[debug] [2024-04-22T02:23:44.629Z] HTTP Error: 401, Request had invalid authentication credentials. Expected OAuth 2 access token, login cookie or other valid authentication credential. See https://developers.google.com/identity/sign-in/web/devconsole-project.
[debug] [2024-04-22T02:23:44.784Z] FirebaseError: HTTP Error: 401, Request had invalid authentication credentials. Expected OAuth 2 access token, login cookie or other valid authentication credential. See https://developers.google.com/identity/sign-in/web/devconsole-project.
    at responseToError (/usr/local/lib/node_modules/firebase-tools/lib/responseToError.js:49:12)
    at RetryOperation._fn (/usr/local/lib/node_modules/firebase-tools/lib/apiv2.js:299:77)
    at process.processTicksAndRejections (node:internal/process/task_queues:95:5)
[error] 
[error] Error: Failed to list Firebase projects. See firebase-debug.log for more info.
